Sat Apr 12 21:09:00 2025
 DEBUG TravelSimulator.cpp:main:32 Created the objects
Sat Apr 12 21:09:00 2025
 DEBUG TravelSimulator.cpp:main:45 Added the fuel
Sat Apr 12 21:09:00 2025
 DEBUG TravelSimulator.cpp:main:57 Set the efficiency
Sat Apr 12 21:09:00 2025
 WARNING Automobile.cpp:addFuel:34 The grey 2013 Toyota Corolla is full of gas. Discarding the rest...

Sat Apr 12 21:09:00 2025
 WARNING Automobile.cpp:addFuel:34 The red 2012 Honda Civic is full of gas. Discarding the rest...

Sat Apr 12 21:09:00 2025
 WARNING Automobile.cpp:addFuel:34 The blue 2008 Chevrolet Impala is full of gas. Discarding the rest...

Sat Apr 12 21:09:00 2025
 WARNING Automobile.cpp:addFuel:34 The black 2016 Cadillac Escalade is full of gas. Discarding the rest...

Sat Apr 12 21:09:00 2025
 DEBUG TravelSimulator.cpp:main:63 Added the fuel again
Sat Apr 12 21:09:00 2025
 DEBUG TravelSimulator.cpp:main:74 Drove the cars
Sat Apr 12 21:09:01 2025
 DEBUG TravelSimulator.cpp:main:45 Added the fuel
Sat Apr 12 21:09:01 2025
 ERROR Automobile.cpp:drive:48 The black 2016 Cadillac Escalade has no gas left in the tank

Sat Apr 12 21:09:01 2025
 DEBUG TravelSimulator.cpp:main:57 Set the efficiency
Sat Apr 12 21:09:01 2025
 WARNING Automobile.cpp:addFuel:34 The grey 2013 Toyota Corolla is full of gas. Discarding the rest...

Sat Apr 12 21:09:01 2025
 WARNING Automobile.cpp:addFuel:34 The red 2012 Honda Civic is full of gas. Discarding the rest...

Sat Apr 12 21:09:01 2025
 WARNING Automobile.cpp:addFuel:34 The blue 2008 Chevrolet Impala is full of gas. Discarding the rest...

Sat Apr 12 21:09:01 2025
 DEBUG TravelSimulator.cpp:main:63 Added the fuel again
Sat Apr 12 21:09:01 2025
 DEBUG TravelSimulator.cpp:main:74 Drove the cars
Sat Apr 12 21:09:02 2025
 DEBUG TravelSimulator.cpp:main:45 Added the fuel
Sat Apr 12 21:09:02 2025
 ERROR Automobile.cpp:drive:48 The blue 2008 Chevrolet Impala has no gas left in the tank

Sat Apr 12 21:09:02 2025
 ERROR Automobile.cpp:drive:48 The black 2016 Cadillac Escalade has no gas left in the tank

Sat Apr 12 21:09:02 2025
 DEBUG TravelSimulator.cpp:main:57 Set the efficiency
Sat Apr 12 21:09:02 2025
 WARNING Automobile.cpp:addFuel:34 The grey 2013 Toyota Corolla is full of gas. Discarding the rest...

Sat Apr 12 21:09:02 2025
 WARNING Automobile.cpp:addFuel:34 The red 2012 Honda Civic is full of gas. Discarding the rest...

Sat Apr 12 21:09:02 2025
 DEBUG TravelSimulator.cpp:main:63 Added the fuel again
Sat Apr 12 21:09:02 2025
 DEBUG TravelSimulator.cpp:main:74 Drove the cars
Sat Apr 12 21:09:03 2025
 DEBUG TravelSimulator.cpp:main:45 Added the fuel
Sat Apr 12 21:09:03 2025
 DEBUG TravelSimulator.cpp:main:57 Set the efficiency
Sat Apr 12 21:09:03 2025
 WARNING Automobile.cpp:addFuel:34 The grey 2013 Toyota Corolla is full of gas. Discarding the rest...

Sat Apr 12 21:09:03 2025
 WARNING Automobile.cpp:addFuel:34 The red 2012 Honda Civic is full of gas. Discarding the rest...

Sat Apr 12 21:09:03 2025
 WARNING Automobile.cpp:addFuel:34 The blue 2008 Chevrolet Impala is full of gas. Discarding the rest...

Sat Apr 12 21:09:03 2025
 WARNING Automobile.cpp:addFuel:34 The black 2016 Cadillac Escalade is full of gas. Discarding the rest...

Sat Apr 12 21:09:03 2025
 DEBUG TravelSimulator.cpp:main:63 Added the fuel again
Sat Apr 12 21:09:03 2025
 DEBUG TravelSimulator.cpp:main:74 Drove the cars
Sat Apr 12 21:09:04 2025
 DEBUG TravelSimulator.cpp:main:45 Added the fuel
Sat Apr 12 21:09:04 2025
 ERROR Automobile.cpp:drive:48 The black 2016 Cadillac Escalade has no gas left in the tank

Sat Apr 12 21:09:04 2025
 DEBUG TravelSimulator.cpp:main:57 Set the efficiency
Sat Apr 12 21:09:04 2025
 WARNING Automobile.cpp:addFuel:34 The grey 2013 Toyota Corolla is full of gas. Discarding the rest...

Sat Apr 12 21:09:04 2025
 WARNING Automobile.cpp:addFuel:34 The red 2012 Honda Civic is full of gas. Discarding the rest...

Sat Apr 12 21:09:04 2025
 WARNING Automobile.cpp:addFuel:34 The blue 2008 Chevrolet Impala is full of gas. Discarding the rest...

Sat Apr 12 21:09:04 2025
 DEBUG TravelSimulator.cpp:main:63 Added the fuel again
Sat Apr 12 21:09:04 2025
 DEBUG TravelSimulator.cpp:main:74 Drove the cars
Sat Apr 12 21:09:05 2025
 DEBUG TravelSimulator.cpp:main:45 Added the fuel
Sat Apr 12 21:09:05 2025
 DEBUG TravelSimulator.cpp:main:57 Set the efficiency
Sat Apr 12 21:09:05 2025
 WARNING Automobile.cpp:addFuel:34 The grey 2013 Toyota Corolla is full of gas. Discarding the rest...

Sat Apr 12 21:09:05 2025
 WARNING Automobile.cpp:addFuel:34 The red 2012 Honda Civic is full of gas. Discarding the rest...

Sat Apr 12 21:09:05 2025
 WARNING Automobile.cpp:addFuel:34 The blue 2008 Chevrolet Impala is full of gas. Discarding the rest...

Sat Apr 12 21:09:05 2025
 WARNING Automobile.cpp:addFuel:34 The black 2016 Cadillac Escalade is full of gas. Discarding the rest...

Sat Apr 12 21:09:05 2025
 DEBUG TravelSimulator.cpp:main:63 Added the fuel again
Sat Apr 12 21:09:05 2025
 DEBUG TravelSimulator.cpp:main:74 Drove the cars
Sat Apr 12 21:09:06 2025
 DEBUG TravelSimulator.cpp:main:45 Added the fuel
Sat Apr 12 21:09:06 2025
 ERROR Automobile.cpp:drive:48 The black 2016 Cadillac Escalade has no gas left in the tank

Sat Apr 12 21:09:06 2025
 DEBUG TravelSimulator.cpp:main:57 Set the efficiency
Sat Apr 12 21:09:06 2025
 WARNING Automobile.cpp:addFuel:34 The grey 2013 Toyota Corolla is full of gas. Discarding the rest...

Sat Apr 12 21:09:06 2025
 WARNING Automobile.cpp:addFuel:34 The red 2012 Honda Civic is full of gas. Discarding the rest...

Sat Apr 12 21:09:06 2025
 WARNING Automobile.cpp:addFuel:34 The blue 2008 Chevrolet Impala is full of gas. Discarding the rest...

Sat Apr 12 21:09:06 2025
 DEBUG TravelSimulator.cpp:main:63 Added the fuel again
Sat Apr 12 21:09:06 2025
 DEBUG TravelSimulator.cpp:main:74 Drove the cars
Sat Apr 12 21:09:07 2025
 DEBUG TravelSimulator.cpp:main:45 Added the fuel
Sat Apr 12 21:09:07 2025
 ERROR Automobile.cpp:drive:48 The blue 2008 Chevrolet Impala has no gas left in the tank

Sat Apr 12 21:09:07 2025
 ERROR Automobile.cpp:drive:48 The black 2016 Cadillac Escalade has no gas left in the tank

Sat Apr 12 21:09:07 2025
 DEBUG TravelSimulator.cpp:main:57 Set the efficiency
Sat Apr 12 21:09:07 2025
 WARNING Automobile.cpp:addFuel:34 The grey 2013 Toyota Corolla is full of gas. Discarding the rest...

Sat Apr 12 21:09:07 2025
 WARNING Automobile.cpp:addFuel:34 The red 2012 Honda Civic is full of gas. Discarding the rest...

Sat Apr 12 21:09:07 2025
 DEBUG TravelSimulator.cpp:main:63 Added the fuel again
Sat Apr 12 21:09:07 2025
 DEBUG TravelSimulator.cpp:main:74 Drove the cars
Sat Apr 12 21:09:08 2025
 DEBUG TravelSimulator.cpp:main:45 Added the fuel
Sat Apr 12 21:09:08 2025
 DEBUG TravelSimulator.cpp:main:57 Set the efficiency
Sat Apr 12 21:09:08 2025
 WARNING Automobile.cpp:addFuel:34 The grey 2013 Toyota Corolla is full of gas. Discarding the rest...

Sat Apr 12 21:09:08 2025
 WARNING Automobile.cpp:addFuel:34 The red 2012 Honda Civic is full of gas. Discarding the rest...

Sat Apr 12 21:09:08 2025
 WARNING Automobile.cpp:addFuel:34 The blue 2008 Chevrolet Impala is full of gas. Discarding the rest...

Sat Apr 12 21:09:08 2025
 WARNING Automobile.cpp:addFuel:34 The black 2016 Cadillac Escalade is full of gas. Discarding the rest...

Sat Apr 12 21:09:08 2025
 DEBUG TravelSimulator.cpp:main:63 Added the fuel again
Sat Apr 12 21:09:08 2025
 DEBUG TravelSimulator.cpp:main:74 Drove the cars
Sat Apr 12 21:09:09 2025
 DEBUG TravelSimulator.cpp:main:45 Added the fuel
Sat Apr 12 21:09:09 2025
 ERROR Automobile.cpp:drive:48 The black 2016 Cadillac Escalade has no gas left in the tank

Sat Apr 12 21:09:09 2025
 DEBUG TravelSimulator.cpp:main:57 Set the efficiency
Sat Apr 12 21:09:09 2025
 WARNING Automobile.cpp:addFuel:34 The grey 2013 Toyota Corolla is full of gas. Discarding the rest...

Sat Apr 12 21:09:09 2025
 WARNING Automobile.cpp:addFuel:34 The red 2012 Honda Civic is full of gas. Discarding the rest...

Sat Apr 12 21:09:09 2025
 WARNING Automobile.cpp:addFuel:34 The blue 2008 Chevrolet Impala is full of gas. Discarding the rest...

Sat Apr 12 21:09:09 2025
 DEBUG TravelSimulator.cpp:main:63 Added the fuel again
Sat Apr 12 21:09:09 2025
 DEBUG TravelSimulator.cpp:main:74 Drove the cars
Sat Apr 12 21:09:10 2025
 DEBUG TravelSimulator.cpp:main:45 Added the fuel
Sat Apr 12 21:09:10 2025
 DEBUG TravelSimulator.cpp:main:57 Set the efficiency
Sat Apr 12 21:09:10 2025
 WARNING Automobile.cpp:addFuel:34 The grey 2013 Toyota Corolla is full of gas. Discarding the rest...

Sat Apr 12 21:09:10 2025
 WARNING Automobile.cpp:addFuel:34 The red 2012 Honda Civic is full of gas. Discarding the rest...

Sat Apr 12 21:09:10 2025
 WARNING Automobile.cpp:addFuel:34 The blue 2008 Chevrolet Impala is full of gas. Discarding the rest...

Sat Apr 12 21:09:10 2025
 WARNING Automobile.cpp:addFuel:34 The black 2016 Cadillac Escalade is full of gas. Discarding the rest...

Sat Apr 12 21:09:10 2025
 DEBUG TravelSimulator.cpp:main:63 Added the fuel again
Sat Apr 12 21:09:10 2025
 DEBUG TravelSimulator.cpp:main:74 Drove the cars
Sat Apr 12 21:09:11 2025
 DEBUG TravelSimulator.cpp:main:45 Added the fuel
Sat Apr 12 21:09:11 2025
 ERROR Automobile.cpp:drive:48 The black 2016 Cadillac Escalade has no gas left in the tank

Sat Apr 12 21:09:11 2025
 DEBUG TravelSimulator.cpp:main:57 Set the efficiency
Sat Apr 12 21:09:11 2025
 WARNING Automobile.cpp:addFuel:34 The grey 2013 Toyota Corolla is full of gas. Discarding the rest...

Sat Apr 12 21:09:11 2025
 WARNING Automobile.cpp:addFuel:34 The red 2012 Honda Civic is full of gas. Discarding the rest...

Sat Apr 12 21:09:11 2025
 WARNING Automobile.cpp:addFuel:34 The blue 2008 Chevrolet Impala is full of gas. Discarding the rest...

Sat Apr 12 21:09:11 2025
 DEBUG TravelSimulator.cpp:main:63 Added the fuel again
Sat Apr 12 21:09:11 2025
 DEBUG TravelSimulator.cpp:main:74 Drove the cars
Sat Apr 12 21:09:12 2025
 DEBUG TravelSimulator.cpp:main:45 Added the fuel
Sat Apr 12 21:09:12 2025
 ERROR Automobile.cpp:drive:48 The blue 2008 Chevrolet Impala has no gas left in the tank

Sat Apr 12 21:09:12 2025
 ERROR Automobile.cpp:drive:48 The black 2016 Cadillac Escalade has no gas left in the tank

Sat Apr 12 21:09:12 2025
 DEBUG TravelSimulator.cpp:main:57 Set the efficiency
Sat Apr 12 21:09:12 2025
 WARNING Automobile.cpp:addFuel:34 The grey 2013 Toyota Corolla is full of gas. Discarding the rest...

Sat Apr 12 21:09:12 2025
 WARNING Automobile.cpp:addFuel:34 The red 2012 Honda Civic is full of gas. Discarding the rest...

Sat Apr 12 21:09:12 2025
 DEBUG TravelSimulator.cpp:main:63 Added the fuel again
Sat Apr 12 21:09:12 2025
 DEBUG TravelSimulator.cpp:main:74 Drove the cars
Sat Apr 12 21:09:13 2025
 DEBUG TravelSimulator.cpp:main:45 Added the fuel
Sat Apr 12 21:09:13 2025
 DEBUG TravelSimulator.cpp:main:57 Set the efficiency
Sat Apr 12 21:09:13 2025
 WARNING Automobile.cpp:addFuel:34 The grey 2013 Toyota Corolla is full of gas. Discarding the rest...

Sat Apr 12 21:09:13 2025
 WARNING Automobile.cpp:addFuel:34 The red 2012 Honda Civic is full of gas. Discarding the rest...

Sat Apr 12 21:09:13 2025
 WARNING Automobile.cpp:addFuel:34 The blue 2008 Chevrolet Impala is full of gas. Discarding the rest...

Sat Apr 12 21:09:13 2025
 WARNING Automobile.cpp:addFuel:34 The black 2016 Cadillac Escalade is full of gas. Discarding the rest...

Sat Apr 12 21:09:13 2025
 DEBUG TravelSimulator.cpp:main:63 Added the fuel again
Sat Apr 12 21:09:13 2025
 DEBUG TravelSimulator.cpp:main:74 Drove the cars
Sat Apr 12 21:09:14 2025
 DEBUG TravelSimulator.cpp:main:45 Added the fuel
Sat Apr 12 21:09:14 2025
 ERROR Automobile.cpp:drive:48 The black 2016 Cadillac Escalade has no gas left in the tank

Sat Apr 12 21:09:14 2025
 DEBUG TravelSimulator.cpp:main:57 Set the efficiency
Sat Apr 12 21:09:14 2025
 WARNING Automobile.cpp:addFuel:34 The grey 2013 Toyota Corolla is full of gas. Discarding the rest...

Sat Apr 12 21:09:14 2025
 WARNING Automobile.cpp:addFuel:34 The red 2012 Honda Civic is full of gas. Discarding the rest...

Sat Apr 12 21:09:14 2025
 WARNING Automobile.cpp:addFuel:34 The blue 2008 Chevrolet Impala is full of gas. Discarding the rest...

Sat Apr 12 21:09:14 2025
 DEBUG TravelSimulator.cpp:main:63 Added the fuel again
Sat Apr 12 21:09:14 2025
 DEBUG TravelSimulator.cpp:main:74 Drove the cars
Sat Apr 12 21:09:15 2025
 DEBUG TravelSimulator.cpp:main:45 Added the fuel
Sat Apr 12 21:09:15 2025
 DEBUG TravelSimulator.cpp:main:57 Set the efficiency
Sat Apr 12 21:09:15 2025
 WARNING Automobile.cpp:addFuel:34 The grey 2013 Toyota Corolla is full of gas. Discarding the rest...

Sat Apr 12 21:09:15 2025
 WARNING Automobile.cpp:addFuel:34 The red 2012 Honda Civic is full of gas. Discarding the rest...

Sat Apr 12 21:09:15 2025
 WARNING Automobile.cpp:addFuel:34 The blue 2008 Chevrolet Impala is full of gas. Discarding the rest...

Sat Apr 12 21:09:15 2025
 WARNING Automobile.cpp:addFuel:34 The black 2016 Cadillac Escalade is full of gas. Discarding the rest...

Sat Apr 12 21:09:15 2025
 DEBUG TravelSimulator.cpp:main:63 Added the fuel again
Sat Apr 12 21:09:15 2025
 DEBUG TravelSimulator.cpp:main:74 Drove the cars
Sat Apr 12 21:09:16 2025
 DEBUG TravelSimulator.cpp:main:45 Added the fuel
Sat Apr 12 21:09:16 2025
 ERROR Automobile.cpp:drive:48 The black 2016 Cadillac Escalade has no gas left in the tank

Sat Apr 12 21:09:16 2025
 DEBUG TravelSimulator.cpp:main:57 Set the efficiency
Sat Apr 12 21:09:16 2025
 WARNING Automobile.cpp:addFuel:34 The grey 2013 Toyota Corolla is full of gas. Discarding the rest...

Sat Apr 12 21:09:16 2025
 WARNING Automobile.cpp:addFuel:34 The red 2012 Honda Civic is full of gas. Discarding the rest...

Sat Apr 12 21:09:16 2025
 WARNING Automobile.cpp:addFuel:34 The blue 2008 Chevrolet Impala is full of gas. Discarding the rest...

Sat Apr 12 21:09:16 2025
 DEBUG TravelSimulator.cpp:main:63 Added the fuel again
Sat Apr 12 21:09:16 2025
 DEBUG TravelSimulator.cpp:main:74 Drove the cars
Sat Apr 12 21:09:17 2025
 DEBUG TravelSimulator.cpp:main:45 Added the fuel
Sat Apr 12 21:09:17 2025
 ERROR Automobile.cpp:drive:48 The blue 2008 Chevrolet Impala has no gas left in the tank

Sat Apr 12 21:09:17 2025
 ERROR Automobile.cpp:drive:48 The black 2016 Cadillac Escalade has no gas left in the tank

Sat Apr 12 21:09:17 2025
 DEBUG TravelSimulator.cpp:main:57 Set the efficiency
Sat Apr 12 21:09:17 2025
 WARNING Automobile.cpp:addFuel:34 The grey 2013 Toyota Corolla is full of gas. Discarding the rest...

Sat Apr 12 21:09:17 2025
 WARNING Automobile.cpp:addFuel:34 The red 2012 Honda Civic is full of gas. Discarding the rest...

Sat Apr 12 21:09:17 2025
 DEBUG TravelSimulator.cpp:main:63 Added the fuel again
Sat Apr 12 21:09:17 2025
 DEBUG TravelSimulator.cpp:main:74 Drove the cars
Sat Apr 12 21:09:18 2025
 DEBUG TravelSimulator.cpp:main:45 Added the fuel
Sat Apr 12 21:09:18 2025
 DEBUG TravelSimulator.cpp:main:57 Set the efficiency
Sat Apr 12 21:09:18 2025
 WARNING Automobile.cpp:addFuel:34 The grey 2013 Toyota Corolla is full of gas. Discarding the rest...

Sat Apr 12 21:09:18 2025
 WARNING Automobile.cpp:addFuel:34 The red 2012 Honda Civic is full of gas. Discarding the rest...

Sat Apr 12 21:09:18 2025
 WARNING Automobile.cpp:addFuel:34 The blue 2008 Chevrolet Impala is full of gas. Discarding the rest...

Sat Apr 12 21:09:18 2025
 WARNING Automobile.cpp:addFuel:34 The black 2016 Cadillac Escalade is full of gas. Discarding the rest...

Sat Apr 12 21:09:18 2025
 DEBUG TravelSimulator.cpp:main:63 Added the fuel again
Sat Apr 12 21:09:18 2025
 DEBUG TravelSimulator.cpp:main:74 Drove the cars
Sat Apr 12 21:09:19 2025
 DEBUG TravelSimulator.cpp:main:45 Added the fuel
Sat Apr 12 21:09:19 2025
 ERROR Automobile.cpp:drive:48 The black 2016 Cadillac Escalade has no gas left in the tank

Sat Apr 12 21:09:19 2025
 DEBUG TravelSimulator.cpp:main:57 Set the efficiency
Sat Apr 12 21:09:19 2025
 WARNING Automobile.cpp:addFuel:34 The grey 2013 Toyota Corolla is full of gas. Discarding the rest...

Sat Apr 12 21:09:19 2025
 WARNING Automobile.cpp:addFuel:34 The red 2012 Honda Civic is full of gas. Discarding the rest...

Sat Apr 12 21:09:19 2025
 WARNING Automobile.cpp:addFuel:34 The blue 2008 Chevrolet Impala is full of gas. Discarding the rest...

Sat Apr 12 21:09:19 2025
 DEBUG TravelSimulator.cpp:main:63 Added the fuel again
Sat Apr 12 21:09:19 2025
 DEBUG TravelSimulator.cpp:main:74 Drove the cars
Sat Apr 12 21:09:20 2025
 DEBUG TravelSimulator.cpp:main:45 Added the fuel
Sat Apr 12 21:09:20 2025
 DEBUG TravelSimulator.cpp:main:57 Set the efficiency
Sat Apr 12 21:09:20 2025
 WARNING Automobile.cpp:addFuel:34 The grey 2013 Toyota Corolla is full of gas. Discarding the rest...

Sat Apr 12 21:09:20 2025
 WARNING Automobile.cpp:addFuel:34 The red 2012 Honda Civic is full of gas. Discarding the rest...

Sat Apr 12 21:09:20 2025
 WARNING Automobile.cpp:addFuel:34 The blue 2008 Chevrolet Impala is full of gas. Discarding the rest...

Sat Apr 12 21:09:20 2025
 WARNING Automobile.cpp:addFuel:34 The black 2016 Cadillac Escalade is full of gas. Discarding the rest...

Sat Apr 12 21:09:20 2025
 DEBUG TravelSimulator.cpp:main:63 Added the fuel again
Sat Apr 12 21:09:20 2025
 DEBUG TravelSimulator.cpp:main:74 Drove the cars
Sat Apr 12 21:09:21 2025
 DEBUG TravelSimulator.cpp:main:45 Added the fuel
Sat Apr 12 21:09:21 2025
 ERROR Automobile.cpp:drive:48 The black 2016 Cadillac Escalade has no gas left in the tank

Sat Apr 12 21:09:21 2025
 DEBUG TravelSimulator.cpp:main:57 Set the efficiency
Sat Apr 12 21:09:21 2025
 WARNING Automobile.cpp:addFuel:34 The grey 2013 Toyota Corolla is full of gas. Discarding the rest...

Sat Apr 12 21:09:21 2025
 WARNING Automobile.cpp:addFuel:34 The red 2012 Honda Civic is full of gas. Discarding the rest...

Sat Apr 12 21:09:21 2025
 WARNING Automobile.cpp:addFuel:34 The blue 2008 Chevrolet Impala is full of gas. Discarding the rest...

Sat Apr 12 21:09:21 2025
 DEBUG TravelSimulator.cpp:main:63 Added the fuel again
Sat Apr 12 21:09:21 2025
 DEBUG TravelSimulator.cpp:main:74 Drove the cars
Sat Apr 12 21:09:22 2025
 DEBUG TravelSimulator.cpp:main:45 Added the fuel
Sat Apr 12 21:09:22 2025
 ERROR Automobile.cpp:drive:48 The blue 2008 Chevrolet Impala has no gas left in the tank

Sat Apr 12 21:09:22 2025
 ERROR Automobile.cpp:drive:48 The black 2016 Cadillac Escalade has no gas left in the tank

Sat Apr 12 21:09:22 2025
 DEBUG TravelSimulator.cpp:main:57 Set the efficiency
Sat Apr 12 21:09:22 2025
 WARNING Automobile.cpp:addFuel:34 The grey 2013 Toyota Corolla is full of gas. Discarding the rest...

Sat Apr 12 21:09:22 2025
 WARNING Automobile.cpp:addFuel:34 The red 2012 Honda Civic is full of gas. Discarding the rest...

Sat Apr 12 21:09:22 2025
 DEBUG TravelSimulator.cpp:main:63 Added the fuel again
Sat Apr 12 21:09:22 2025
 DEBUG TravelSimulator.cpp:main:74 Drove the cars
Sat Apr 12 21:09:23 2025
 DEBUG TravelSimulator.cpp:main:45 Added the fuel
Sat Apr 12 21:09:23 2025
 DEBUG TravelSimulator.cpp:main:57 Set the efficiency
Sat Apr 12 21:09:23 2025
 WARNING Automobile.cpp:addFuel:34 The grey 2013 Toyota Corolla is full of gas. Discarding the rest...

Sat Apr 12 21:09:23 2025
 WARNING Automobile.cpp:addFuel:34 The red 2012 Honda Civic is full of gas. Discarding the rest...

Sat Apr 12 21:09:23 2025
 WARNING Automobile.cpp:addFuel:34 The blue 2008 Chevrolet Impala is full of gas. Discarding the rest...

Sat Apr 12 21:09:23 2025
 WARNING Automobile.cpp:addFuel:34 The black 2016 Cadillac Escalade is full of gas. Discarding the rest...

Sat Apr 12 21:09:23 2025
 DEBUG TravelSimulator.cpp:main:63 Added the fuel again
Sat Apr 12 21:09:23 2025
 DEBUG TravelSimulator.cpp:main:74 Drove the cars
Sat Apr 12 21:09:24 2025
 DEBUG TravelSimulator.cpp:main:45 Added the fuel
Sat Apr 12 21:09:24 2025
 ERROR Automobile.cpp:drive:48 The black 2016 Cadillac Escalade has no gas left in the tank

Sat Apr 12 21:09:24 2025
 DEBUG TravelSimulator.cpp:main:57 Set the efficiency
Sat Apr 12 21:09:24 2025
 WARNING Automobile.cpp:addFuel:34 The grey 2013 Toyota Corolla is full of gas. Discarding the rest...

Sat Apr 12 21:09:24 2025
 WARNING Automobile.cpp:addFuel:34 The red 2012 Honda Civic is full of gas. Discarding the rest...

Sat Apr 12 21:09:24 2025
 WARNING Automobile.cpp:addFuel:34 The blue 2008 Chevrolet Impala is full of gas. Discarding the rest...

Sat Apr 12 21:09:24 2025
 DEBUG TravelSimulator.cpp:main:63 Added the fuel again
Sat Apr 12 21:09:24 2025
 DEBUG TravelSimulator.cpp:main:74 Drove the cars
Sat Apr 12 21:09:25 2025
 DEBUG TravelSimulator.cpp:main:45 Added the fuel
Sat Apr 12 21:09:25 2025
 DEBUG TravelSimulator.cpp:main:57 Set the efficiency
Sat Apr 12 21:09:25 2025
 WARNING Automobile.cpp:addFuel:34 The grey 2013 Toyota Corolla is full of gas. Discarding the rest...

Sat Apr 12 21:09:25 2025
 WARNING Automobile.cpp:addFuel:34 The red 2012 Honda Civic is full of gas. Discarding the rest...

Sat Apr 12 21:09:25 2025
 WARNING Automobile.cpp:addFuel:34 The blue 2008 Chevrolet Impala is full of gas. Discarding the rest...

Sat Apr 12 21:09:25 2025
 WARNING Automobile.cpp:addFuel:34 The black 2016 Cadillac Escalade is full of gas. Discarding the rest...

Sat Apr 12 21:09:25 2025
 DEBUG TravelSimulator.cpp:main:63 Added the fuel again
Sat Apr 12 21:09:25 2025
 DEBUG TravelSimulator.cpp:main:74 Drove the cars
Sat Apr 12 21:09:26 2025
 ERROR Automobile.cpp:drive:48 The black 2016 Cadillac Escalade has no gas left in the tank

Sat Apr 12 21:09:27 2025
 ERROR Automobile.cpp:drive:48 The blue 2008 Chevrolet Impala has no gas left in the tank

Sat Apr 12 21:09:27 2025
 ERROR Automobile.cpp:drive:48 The black 2016 Cadillac Escalade has no gas left in the tank

Sat Apr 12 21:09:29 2025
 ERROR Automobile.cpp:drive:48 The black 2016 Cadillac Escalade has no gas left in the tank

Sat Apr 12 21:09:31 2025
 ERROR Automobile.cpp:drive:48 The black 2016 Cadillac Escalade has no gas left in the tank

Sat Apr 12 21:09:32 2025
 ERROR Automobile.cpp:drive:48 The blue 2008 Chevrolet Impala has no gas left in the tank

Sat Apr 12 21:09:32 2025
 ERROR Automobile.cpp:drive:48 The black 2016 Cadillac Escalade has no gas left in the tank

Sat Apr 12 21:09:34 2025
 ERROR Automobile.cpp:drive:48 The black 2016 Cadillac Escalade has no gas left in the tank

Sat Apr 12 21:09:36 2025
 ERROR Automobile.cpp:drive:48 The black 2016 Cadillac Escalade has no gas left in the tank

Sat Apr 12 21:09:37 2025
 ERROR Automobile.cpp:drive:48 The blue 2008 Chevrolet Impala has no gas left in the tank

Sat Apr 12 21:09:37 2025
 ERROR Automobile.cpp:drive:48 The black 2016 Cadillac Escalade has no gas left in the tank

Sat Apr 12 21:09:39 2025
 ERROR Automobile.cpp:drive:48 The black 2016 Cadillac Escalade has no gas left in the tank

Sat Apr 12 21:09:41 2025
 ERROR Automobile.cpp:drive:48 The black 2016 Cadillac Escalade has no gas left in the tank

Sat Apr 12 21:09:42 2025
 ERROR Automobile.cpp:drive:48 The blue 2008 Chevrolet Impala has no gas left in the tank

Sat Apr 12 21:09:42 2025
 ERROR Automobile.cpp:drive:48 The black 2016 Cadillac Escalade has no gas left in the tank

Sat Apr 12 21:09:44 2025
 ERROR Automobile.cpp:drive:48 The black 2016 Cadillac Escalade has no gas left in the tank

Sat Apr 12 21:09:46 2025
 ERROR Automobile.cpp:drive:48 The black 2016 Cadillac Escalade has no gas left in the tank

Sat Apr 12 21:09:47 2025
 ERROR Automobile.cpp:drive:48 The blue 2008 Chevrolet Impala has no gas left in the tank

Sat Apr 12 21:09:47 2025
 ERROR Automobile.cpp:drive:48 The black 2016 Cadillac Escalade has no gas left in the tank

Sat Apr 12 21:09:49 2025
 ERROR Automobile.cpp:drive:48 The black 2016 Cadillac Escalade has no gas left in the tank

